nohup: ignoring input
2017-09-06 15:19:22.278712: W tensorflow/core/platform/cpu_feature_guard.cc:45] The TensorFlow library wasn't compiled to use SSE4.1 instructions, but these are available on your machine and could speed up CPU computations.
2017-09-06 15:19:22.278753: W tensorflow/core/platform/cpu_feature_guard.cc:45] The TensorFlow library wasn't compiled to use SSE4.2 instructions, but these are available on your machine and could speed up CPU computations.
2017-09-06 15:19:22.278762: W tensorflow/core/platform/cpu_feature_guard.cc:45] The TensorFlow library wasn't compiled to use AVX instructions, but these are available on your machine and could speed up CPU computations.
2017-09-06 15:19:22.278770: W tensorflow/core/platform/cpu_feature_guard.cc:45] The TensorFlow library wasn't compiled to use AVX2 instructions, but these are available on your machine and could speed up CPU computations.
2017-09-06 15:19:22.278777: W tensorflow/core/platform/cpu_feature_guard.cc:45] The TensorFlow library wasn't compiled to use FMA instructions, but these are available on your machine and could speed up CPU computations.
2017-09-06 15:19:25.307324: I tensorflow/core/common_runtime/gpu/gpu_device.cc:887] Found device 0 with properties: 
name: Tesla K80
major: 3 minor: 7 memoryClockRate (GHz) 0.8235
pciBusID 0000:0b:00.0
Total memory: 11.17GiB
Free memory: 11.11GiB
2017-09-06 15:19:25.307390: I tensorflow/core/common_runtime/gpu/gpu_device.cc:908] DMA: 0 
2017-09-06 15:19:25.307405: I tensorflow/core/common_runtime/gpu/gpu_device.cc:918] 0:   Y 
2017-09-06 15:19:25.307426: I tensorflow/core/common_runtime/gpu/gpu_device.cc:977] Creating TensorFlow device (/gpu:0) -> (device: 0, name: Tesla K80, pci bus id: 0000:0b:00.0)
Preparing dialog data in /home/zyma/work/data_daily_punct
Creating 3 layers of 128 units.
(128, 15, 128, 1)
(128, 15, 64, 2)
(128, 15, 32, 4)
(128, 128)
47
seq2seq_lm/Variable:0
seq2seq_lm/Variable_1:0
seq2seq_lm/embeddings:0
seq2seq_lm/encoder_attns/AttnW_0:0
seq2seq_lm/encoder_attns/AttnV_0:0
seq2seq_lm/filter0:0
seq2seq_lm/filter1:0
seq2seq_lm/proj_w:0
seq2seq_lm/proj_b:0
seq2seq_lm/loop/Attention_0/weights:0
seq2seq_lm/loop/Attention_0/biases:0
seq2seq_lm/loop/weights:0
seq2seq_lm/loop/biases:0
seq2seq_lm/loop/multi_rnn_cell/cell_0/gru_cell/gates/weights:0
seq2seq_lm/loop/multi_rnn_cell/cell_0/gru_cell/gates/biases:0
seq2seq_lm/loop/multi_rnn_cell/cell_0/gru_cell/candidate/weights:0
seq2seq_lm/loop/multi_rnn_cell/cell_0/gru_cell/candidate/biases:0
seq2seq_lm/loop/multi_rnn_cell/cell_1/gru_cell/gates/weights:0
seq2seq_lm/loop/multi_rnn_cell/cell_1/gru_cell/gates/biases:0
seq2seq_lm/loop/multi_rnn_cell/cell_1/gru_cell/candidate/weights:0
seq2seq_lm/loop/multi_rnn_cell/cell_1/gru_cell/candidate/biases:0
seq2seq_lm/loop/multi_rnn_cell/cell_2/gru_cell/gates/weights:0
seq2seq_lm/loop/multi_rnn_cell/cell_2/gru_cell/gates/biases:0
seq2seq_lm/loop/multi_rnn_cell/cell_2/gru_cell/candidate/weights:0
seq2seq_lm/loop/multi_rnn_cell/cell_2/gru_cell/candidate/biases:0
seq2seq_lm/loop/AttnOutputProjection/weights:0
seq2seq_lm/loop/AttnOutputProjection/biases:0
seq2seq_lm/rethink/AttnW_0:0
seq2seq_lm/rethink/AttnV_0:0
seq2seq_lm/rethink/Attention_0/weights:0
seq2seq_lm/rethink/Attention_0/biases:0
seq2seq_lm/rethink/weights:0
seq2seq_lm/rethink/biases:0
seq2seq_lm/rethink/multi_rnn_cell/cell_0/gru_cell/gates/weights:0
seq2seq_lm/rethink/multi_rnn_cell/cell_0/gru_cell/gates/biases:0
seq2seq_lm/rethink/multi_rnn_cell/cell_0/gru_cell/candidate/weights:0
seq2seq_lm/rethink/multi_rnn_cell/cell_0/gru_cell/candidate/biases:0
seq2seq_lm/rethink/multi_rnn_cell/cell_1/gru_cell/gates/weights:0
seq2seq_lm/rethink/multi_rnn_cell/cell_1/gru_cell/gates/biases:0
seq2seq_lm/rethink/multi_rnn_cell/cell_1/gru_cell/candidate/weights:0
seq2seq_lm/rethink/multi_rnn_cell/cell_1/gru_cell/candidate/biases:0
seq2seq_lm/rethink/multi_rnn_cell/cell_2/gru_cell/gates/weights:0
seq2seq_lm/rethink/multi_rnn_cell/cell_2/gru_cell/gates/biases:0
seq2seq_lm/rethink/multi_rnn_cell/cell_2/gru_cell/candidate/weights:0
seq2seq_lm/rethink/multi_rnn_cell/cell_2/gru_cell/candidate/biases:0
seq2seq_lm/rethink/AttnOutputProjection/weights:0
seq2seq_lm/rethink/AttnOutputProjection/biases:0
Reading seq2seq Embedded LM from rethink_models/model.ckpt-700
Reading development and training data (limit: 1000000).
  reading data line 100000
  reading data line 200000
  reading data line 300000
  reading data line 400000
  reading data line 500000
  reading data line 600000
  reading data line 700000
  reading data line 800000
  reading data line 900000
  reading data line 1000000
2017-09-06 15:20:42.945370: I tensorflow/core/common_runtime/gpu/pool_allocator.cc:247] PoolAllocator: After 4289 get requests, put_count=4217 evicted_count=1000 eviction_rate=0.237135 and unsatisfied allocation rate=0.273257
2017-09-06 15:20:42.945690: I tensorflow/core/common_runtime/gpu/pool_allocator.cc:259] Raising pool_size_limit_ from 100 to 110
global step 800 learning rate 0.5000 step-time 0.39 train_perplexity 174.57
	eval: perplexity 122.88
2017-09-06 15:21:28.120654: I tensorflow/core/common_runtime/gpu/pool_allocator.cc:247] PoolAllocator: After 16075 get requests, put_count=16180 evicted_count=1000 eviction_rate=0.0618047 and unsatisfied allocation rate=0.0571073
2017-09-06 15:21:28.120743: I tensorflow/core/common_runtime/gpu/pool_allocator.cc:259] Raising pool_size_limit_ from 256 to 281
global step 900 learning rate 0.5000 step-time 0.31 train_perplexity 154.51
	eval: perplexity 165.90
global step 1000 learning rate 0.5000 step-time 0.32 train_perplexity 144.87
	eval: perplexity 116.72
global step 1100 learning rate 0.5000 step-time 0.31 train_perplexity 134.62
	eval: perplexity 121.89
global step 1200 learning rate 0.5000 step-time 0.31 train_perplexity 135.05
	eval: perplexity 97.24
global step 1300 learning rate 0.5000 step-time 0.31 train_perplexity 126.81
	eval: perplexity 110.70
global step 1400 learning rate 0.5000 step-time 0.30 train_perplexity 125.88
	eval: perplexity 133.26
global step 1500 learning rate 0.5000 step-time 0.31 train_perplexity 115.63
	eval: perplexity 82.29
global step 1600 learning rate 0.5000 step-time 0.32 train_perplexity 106.13
	eval: perplexity 94.50
global step 1700 learning rate 0.5000 step-time 0.30 train_perplexity 114.54
	eval: perplexity 113.27
global step 1800 learning rate 0.5000 step-time 0.31 train_perplexity 101.07
	eval: perplexity 97.72
global step 1900 learning rate 0.5000 step-time 0.31 train_perplexity 108.14
	eval: perplexity 91.82
global step 2000 learning rate 0.5000 step-time 0.31 train_perplexity 95.62
	eval: perplexity 90.44
global step 2100 learning rate 0.5000 step-time 0.31 train_perplexity 98.15
	eval: perplexity 88.05
global step 2200 learning rate 0.5000 step-time 0.31 train_perplexity 85.87
	eval: perplexity 107.44
global step 2300 learning rate 0.5000 step-time 0.31 train_perplexity 81.28
	eval: perplexity 73.25
global step 2400 learning rate 0.5000 step-time 0.32 train_perplexity 71.35
	eval: perplexity 58.30
global step 2500 learning rate 0.5000 step-time 0.30 train_perplexity 70.64
	eval: perplexity 62.60
global step 2600 learning rate 0.5000 step-time 0.30 train_perplexity 67.79
	eval: perplexity 61.26
global step 2700 learning rate 0.5000 step-time 0.32 train_perplexity 61.61
	eval: perplexity 52.06
global step 2800 learning rate 0.5000 step-time 0.31 train_perplexity 63.35
	eval: perplexity 49.91
global step 2900 learning rate 0.5000 step-time 0.31 train_perplexity 58.80
	eval: perplexity 87.29
global step 3000 learning rate 0.5000 step-time 0.31 train_perplexity 52.59
	eval: perplexity 38.93
global step 3100 learning rate 0.5000 step-time 0.31 train_perplexity 50.65
	eval: perplexity 52.63
global step 3200 learning rate 0.5000 step-time 0.31 train_perplexity 46.66
	eval: perplexity 124.41
global step 3300 learning rate 0.5000 step-time 0.31 train_perplexity 42.56
	eval: perplexity 49.40
global step 3400 learning rate 0.5000 step-time 0.32 train_perplexity 40.01
	eval: perplexity 29.00
global step 3500 learning rate 0.5000 step-time 0.31 train_perplexity 34.62
	eval: perplexity 22.94
global step 3600 learning rate 0.5000 step-time 0.31 train_perplexity 30.83
	eval: perplexity 26.84
global step 3700 learning rate 0.5000 step-time 0.31 train_perplexity 28.26
	eval: perplexity 21.99
global step 3800 learning rate 0.5000 step-time 0.30 train_perplexity 24.43
	eval: perplexity 20.89
global step 3900 learning rate 0.5000 step-time 0.30 train_perplexity 23.19
	eval: perplexity 13.75
global step 4000 learning rate 0.5000 step-time 0.30 train_perplexity 23.73
	eval: perplexity 25.10
global step 4100 learning rate 0.5000 step-time 0.31 train_perplexity 18.49
	eval: perplexity 22.78
global step 4200 learning rate 0.5000 step-time 0.31 train_perplexity 17.51
	eval: perplexity 14.24
global step 4300 learning rate 0.5000 step-time 0.31 train_perplexity 14.24
	eval: perplexity 70.97
global step 4400 learning rate 0.5000 step-time 0.31 train_perplexity 12.00
	eval: perplexity 8.51
global step 4500 learning rate 0.5000 step-time 0.31 train_perplexity 10.65
	eval: perplexity 6.36
global step 4600 learning rate 0.5000 step-time 0.31 train_perplexity 9.12
	eval: perplexity 5.79
global step 4700 learning rate 0.5000 step-time 0.30 train_perplexity 10.70
	eval: perplexity 16.73
global step 4800 learning rate 0.5000 step-time 0.31 train_perplexity 7.26
	eval: perplexity 5.26
global step 4900 learning rate 0.5000 step-time 0.30 train_perplexity 6.71
	eval: perplexity 3.76
global step 5000 learning rate 0.5000 step-time 0.31 train_perplexity 7.51
	eval: perplexity 7.72
global step 5100 learning rate 0.5000 step-time 0.32 train_perplexity 4.60
	eval: perplexity 9.75
global step 5200 learning rate 0.5000 step-time 0.30 train_perplexity 6.24
	eval: perplexity 3.89
global step 5300 learning rate 0.5000 step-time 0.31 train_perplexity 4.43
	eval: perplexity 2.82
global step 5400 learning rate 0.5000 step-time 0.31 train_perplexity 4.30
	eval: perplexity 5.99
global step 5500 learning rate 0.5000 step-time 0.31 train_perplexity 4.74
	eval: perplexity 48.96
global step 5600 learning rate 0.5000 step-time 0.31 train_perplexity 3.68
	eval: perplexity 2.10
global step 5700 learning rate 0.5000 step-time 0.31 train_perplexity 3.00
	eval: perplexity 2.82
global step 5800 learning rate 0.5000 step-time 0.30 train_perplexity 2.56
	eval: perplexity 5.95
global step 5900 learning rate 0.5000 step-time 0.31 train_perplexity 2.35
	eval: perplexity 1.78
global step 6000 learning rate 0.5000 step-time 0.31 train_perplexity 5.08
	eval: perplexity 1.95
global step 6100 learning rate 0.4950 step-time 0.31 train_perplexity 1.98
	eval: perplexity 1.58
global step 6200 learning rate 0.4950 step-time 0.31 train_perplexity 2.01
	eval: perplexity 1.81
global step 6300 learning rate 0.4950 step-time 0.31 train_perplexity 2.31
	eval: perplexity 1.70
global step 6400 learning rate 0.4950 step-time 0.31 train_perplexity 1.87
	eval: perplexity 1.61
global step 6500 learning rate 0.4950 step-time 0.31 train_perplexity 4.28
	eval: perplexity 1.82
global step 6600 learning rate 0.4901 step-time 0.30 train_perplexity 1.87
	eval: perplexity 1.58
global step 6700 learning rate 0.4901 step-time 0.31 train_perplexity 1.90
	eval: perplexity 1.50
global step 6800 learning rate 0.4901 step-time 0.32 train_perplexity 1.58
	eval: perplexity 6.40
global step 6900 learning rate 0.4901 step-time 0.31 train_perplexity 2.07
	eval: perplexity 1.50
global step 7000 learning rate 0.4851 step-time 0.31 train_perplexity 1.62
	eval: perplexity 1.44
global step 7100 learning rate 0.4851 step-time 0.31 train_perplexity 1.78
	eval: perplexity 1.33
global step 7200 learning rate 0.4851 step-time 0.32 train_perplexity 1.48
	eval: perplexity 2.80
global step 7300 learning rate 0.4851 step-time 0.31 train_perplexity 1.43
	eval: perplexity 1.51
global step 7400 learning rate 0.4851 step-time 0.31 train_perplexity 1.71
	eval: perplexity 1.43
global step 7500 learning rate 0.4851 step-time 0.32 train_perplexity 1.40
	eval: perplexity 1.27
global step 7600 learning rate 0.4851 step-time 0.31 train_perplexity 1.62
	eval: perplexity 1.35
global step 7700 learning rate 0.4851 step-time 0.31 train_perplexity 1.48
	eval: perplexity 1.40
global step 7800 learning rate 0.4851 step-time 0.31 train_perplexity 1.44
	eval: perplexity 1.31
global step 7900 learning rate 0.4851 step-time 0.31 train_perplexity 1.33
	eval: perplexity 1.51
global step 8000 learning rate 0.4851 step-time 0.31 train_perplexity 1.54
	eval: perplexity 1.30
global step 8100 learning rate 0.4803 step-time 0.30 train_perplexity 3.29
	eval: perplexity 1.55
global step 8200 learning rate 0.4755 step-time 0.31 train_perplexity 1.41
	eval: perplexity 1.44
global step 8300 learning rate 0.4755 step-time 0.31 train_perplexity 1.32
	eval: perplexity 1.39
global step 8400 learning rate 0.4755 step-time 0.31 train_perplexity 1.51
	eval: perplexity 1.23
run.sh: line 3:  3822 Terminated              python train.py rethink
